<?xml version="1.0" encoding="UTF-8"?>
<!-- Generated by org.testng.reporters.JUnitReportReporter -->
<testsuite hostname="DESKTOP-HJFMQ82" failures="0" tests="3" name="com.vodafone.test.LoginTest" time="25.165" errors="0" timestamp="2025-05-08T03:00:50 PDT" skipped="0">
  <testcase classname="com.vodafone.test.LoginTest" name="invalidoginTest" time="6.635"/>
  <testcase classname="com.vodafone.test.LoginTest" name="invalidoginTest" time="10.324"/>
  <testcase classname="com.vodafone.test.LoginTest" name="validLogin" time="8.206"/>
</testsuite> <!-- com.vodafone.test.LoginTest -->
