<?xml version="1.0" encoding="UTF-8"?>
<!-- Generated by org.testng.reporters.JUnitReportReporter -->
<testsuite hostname="DESKTOP-HJFMQ82" failures="0" tests="2" name="com.vodafone.test.LoginUITest2" time="28.877" errors="0" timestamp="2025-05-09T00:32:18 PDT" skipped="0">
  <testcase classname="com.vodafone.test.LoginUITest2" name="headerTitle" time="9.006"/>
  <testcase classname="com.vodafone.test.LoginUITest2" name="titleTest" time="19.871"/>
</testsuite> <!-- com.vodafone.test.LoginUITest2 -->
