<?xml version="1.0" encoding="UTF-8"?>
<!-- Generated by org.testng.reporters.JUnitReportReporter -->
<testsuite hostname="DESKTOP-HJFMQ82" failures="0" tests="2" name="com.vodafone.test.LoginUITest" time="10.500" errors="0" timestamp="2025-05-07T05:45:00 PDT" skipped="0">
  <testcase classname="com.vodafone.test.LoginUITest" name="headerTitle" time="5.913"/>
  <testcase classname="com.vodafone.test.LoginUITest" name="titleTest" time="4.587"/>
</testsuite> <!-- com.vodafone.test.LoginUITest -->
