<?xml version="1.0" encoding="UTF-8"?>
<!-- Generated by org.testng.reporters.JUnitReportReporter -->
<testsuite hostname="DESKTOP-HJFMQ82" failures="0" tests="1" name="com.vodafone.test.LoginTest" time="7.000" errors="0" timestamp="2025-05-07T23:15:53 PDT" skipped="0">
  <testcase classname="com.vodafone.test.LoginTest" name="validLogin" time="7.000"/>
</testsuite> <!-- com.vodafone.test.LoginTest -->
