<?xml version="1.0" encoding="UTF-8"?>
<!-- Generated by org.testng.reporters.JUnitReportReporter -->
<testsuite hostname="DESKTOP-HJFMQ82" failures="0" tests="2" name="com.vodafone.test.LoginUITest2" time="12.247" errors="0" timestamp="2025-05-07T05:52:11 PDT" skipped="0">
  <testcase classname="com.vodafone.test.LoginUITest2" name="titleTest" time="5.790"/>
  <testcase classname="com.vodafone.test.LoginUITest2" name="headerTitle" time="6.457"/>
</testsuite> <!-- com.vodafone.test.LoginUITest2 -->
